======================================================================
type:         Memory Allocate
pointer:      0x55d98baa0170
Size:                       4
File:                base.cpp
Line:                      18
======================================================================
type:         Memory Allocate
pointer:      0x55d98baa01d0
Size:                       8
File:                base.cpp
Line:                      19
======================================================================
type:         Memory Allocate
pointer:      0x55d98baa0230
Size:                       4
File:                base.cpp
Line:                      20
======================================================================
type:         Memory Allocate
pointer:      0x55d98baa0290
Size:                      40
File:                base.cpp
Line:                      21
======================================================================
type:         Memory Allocate
pointer:      0x55d98baa0300
Size:                       4
File:                base.cpp
Line:                      22
======================================================================
type:                Memory Free
pointer:      0x55d98baa0300
======================================================================
type:         Memory Allocate
pointer:      0x55d98baa0300
Size:                       8
File:                base.cpp
Line:                      23
======================================================================
type:                Memory Free
pointer:      0x55d98baa0170
======================================================================
type:                Memory Free
pointer:      0x55d98baa01d0
======================================================================
type:                Memory Free
pointer:      0x55d98baa0230
======================================================================
type:                Memory Free
pointer:      0x55d98baa0290
======================================================================
type:                Memory Free
pointer:      0x55d98baa0300
