======================================================================
type:         Memory Allocate
pointer:      0x55f908c90450
Size:                       8
File:              class2.cpp
Line:                      22
======================================================================
type:         Memory Allocate
pointer:      0x55f908c903f0
Size:                      16
File:              class2.cpp
Line:                      31
======================================================================
type:         Memory Allocate
pointer:      0x55f908c90520
Size:                       8
File:              class2.cpp
Line:                      22
======================================================================
type:         Memory Allocate
pointer:      0x55f908c90580
Size:                       8
File:              class2.cpp
Line:                      22
======================================================================
type:         Memory Allocate
pointer:      0x55f908c904b0
Size:                      40
File:              class2.cpp
Line:                      32
======================================================================
type:         Memory Allocate
pointer:      0x55f908c905e0
Size:                      16
File:              class2.cpp
Line:                      33
======================================================================
type:         Memory Allocate
pointer:      0x55f908c90640
Size:                     160
File:              class2.cpp
Line:                      34
======================================================================
type:         Memory Allocate
pointer:      0x55f908c90730
Size:                      16
File:              class2.cpp
Line:                      35
======================================================================
type:                Memory Free
pointer:      0x55f908c90730
======================================================================
type:         Memory Allocate
pointer:      0x55f908c90790
Size:                      32
File:              class2.cpp
Line:                      36
======================================================================
type:                Memory Free
pointer:      0x55f908c903f0
======================================================================
type:                Memory Free
pointer:      0x55f908c904b0
======================================================================
type:                Memory Free
pointer:      0x55f908c905e0
======================================================================
type:                Memory Free
pointer:      0x55f908c90640
======================================================================
type:                Memory Free
pointer:      0x55f908c90790
