======================================================================
type:         Memory Allocate
pointer:      0x55872b6aa170
Size:                      16
File:              class1.cpp
Line:                      31
======================================================================
type:         Memory Allocate
pointer:      0x55872b6aa1d0
Size:                      40
File:              class1.cpp
Line:                      32
======================================================================
type:         Memory Allocate
pointer:      0x55872b6aa240
Size:                      16
File:              class1.cpp
Line:                      33
======================================================================
type:         Memory Allocate
pointer:      0x55872b6aa2a0
Size:                     160
File:              class1.cpp
Line:                      34
======================================================================
type:         Memory Allocate
pointer:      0x55872b6aa390
Size:                      16
File:              class1.cpp
Line:                      35
======================================================================
type:                Memory Free
pointer:      0x55872b6aa390
======================================================================
type:         Memory Allocate
pointer:      0x55872b6aa3f0
Size:                      32
File:              class1.cpp
Line:                      36
======================================================================
type:                Memory Free
pointer:      0x55872b6aa170
======================================================================
type:                Memory Free
pointer:      0x55872b6aa1d0
======================================================================
type:                Memory Free
pointer:      0x55872b6aa240
======================================================================
type:                Memory Free
pointer:      0x55872b6aa2a0
======================================================================
type:                Memory Free
pointer:      0x55872b6aa3f0
